<?xml version="1.0" encoding="UTF-8"?>
<!-- Generated by org.testng.reporters.JUnitReportReporter -->
<testsuite hostname="DESKTOP-3KLHQPH" failures="0" tests="4" name="com.crm.qa.testcases.RegisterPageTest" time="21.448" errors="0" timestamp="2021-07-08T18:51:44 IST" skipped="0">
  <testcase classname="com.crm.qa.testcases.RegisterPageTest" name="registerNewuser" time="5.301"/>
  <system-out/>
  <testcase classname="com.crm.qa.testcases.RegisterPageTest" name="registerNewuser" time="5.343"/>
  <system-out/>
  <testcase classname="com.crm.qa.testcases.RegisterPageTest" name="registerNewuser" time="5.350"/>
  <system-out/>
  <testcase classname="com.crm.qa.testcases.RegisterPageTest" name="registerNewuser" time="5.454"/>
  <system-out/>
</testsuite> <!-- com.crm.qa.testcases.RegisterPageTest -->
