<?xml version="1.0" encoding="UTF-8"?>
<!-- Generated by org.testng.reporters.JUnitReportReporter -->
<testsuite hostname="LAPTOP-O7LOERHF" failures="0" tests="2" name="com.up.qa.testcases.SignUpPageTest" time="47.242" errors="0" timestamp="2021-07-26T09:52:17 IST" skipped="0">
  <testcase classname="com.up.qa.testcases.SignUpPageTest" name="registerNewuser" time="23.986"/>
  <system-out/>
  <testcase classname="com.up.qa.testcases.SignUpPageTest" name="registerNewuser" time="23.256"/>
  <system-out/>
</testsuite> <!-- com.up.qa.testcases.SignUpPageTest -->
