<?xml version="1.0" encoding="UTF-8"?>
<!-- Generated by org.testng.reporters.JUnitReportReporter -->
<testsuite hostname="DESKTOP-3KLHQPH" failures="0" tests="4" name="com.crm.qa.testcases.BooksPageTest" time="20.314" errors="0" timestamp="2021-07-08T18:51:44 IST" skipped="1">
  <testcase classname="com.crm.qa.testcases.BooksPageTest" name="clickonDigitalCoputerDownloadLink" time="7.247"/>
  <system-out/>
  <testcase classname="com.crm.qa.testcases.BooksPageTest" name="clickonGiftCardLink" time="7.363"/>
  <system-out/>
  <testcase classname="com.crm.qa.testcases.BooksPageTest" name="verifyBooksPageTitle" time="5.704"/>
  <system-out/>
  <testcase classname="com.crm.qa.testcases.BooksPageTest" name="clickonJewelry">
    <skipped/>
  </testcase> <!-- clickonJewelry -->
  <system-out/>
</testsuite> <!-- com.crm.qa.testcases.BooksPageTest -->
