<?xml version="1.0" encoding="UTF-8"?>
<!-- Generated by org.testng.reporters.JUnitReportReporter -->
<testsuite hostname="LAPTOP-O7LOERHF" failures="0" tests="1" name="com.up.qa.testcases.workOrderPageTest" time="47.800" errors="0" timestamp="2021-07-26T09:52:16 IST" skipped="0">
  <testcase classname="com.up.qa.testcases.workOrderPageTest" name="clickOnAddWorkLink" time="47.800"/>
  <system-out/>
</testsuite> <!-- com.up.qa.testcases.workOrderPageTest -->
