<?xml version="1.0" encoding="UTF-8"?>
<!-- Generated by org.testng.reporters.JUnitReportReporter -->
<testsuite hostname="DESKTOP-3KLHQPH" failures="0" tests="5" name="com.crm.qa.testcases.HomePageTest" time="31.664" errors="0" timestamp="2021-07-08T18:51:44 IST" skipped="0">
  <testcase classname="com.crm.qa.testcases.HomePageTest" name="clickonElectronicsLink1" time="5.761"/>
  <system-out/>
  <testcase classname="com.crm.qa.testcases.HomePageTest" name="clickonBooksLink1" time="6.290"/>
  <system-out/>
  <testcase classname="com.crm.qa.testcases.HomePageTest" name="verifyHomePageTitleTest" time="5.018"/>
  <system-out/>
  <testcase classname="com.crm.qa.testcases.HomePageTest" name="validatelogOutButton" time="8.794"/>
  <system-out/>
  <testcase classname="com.crm.qa.testcases.HomePageTest" name="clickonComputersLink1" time="5.801"/>
  <system-out/>
</testsuite> <!-- com.crm.qa.testcases.HomePageTest -->
